<?xml version="1.0" encoding="UTF-8"?>
<testng-results skipped="0" failed="0" ignored="0" total="1" passed="1">
  <reporter-output>
  </reporter-output>
  <suite name="Default suite" duration-ms="11615" started-at="2019-11-13T05:53:01Z" finished-at="2019-11-13T05:53:13Z">
    <groups>
    </groups>
    <test name="Default test" duration-ms="11615" started-at="2019-11-13T05:53:01Z" finished-at="2019-11-13T05:53:13Z">
      <class name="simple.ELTC_003">
        <test-method status="PASS" signature="BeforeTest()[pri:0, instance:simple.ELTC_003@cc285f4]" name="BeforeTest" is-config="true" duration-ms="4945" started-at="2019-11-13T11:23:01Z" finished-at="2019-11-13T11:23:06Z">
          <reporter-output>
          </reporter-output>
        </test-method> <!-- BeforeTest -->
        <test-method status="PASS" signature="register1()[pri:0, instance:simple.ELTC_003@cc285f4]" name="register1" duration-ms="6635" started-at="2019-11-13T11:23:06Z" finished-at="2019-11-13T11:23:13Z">
          <reporter-output>
          </reporter-output>
        </test-method> <!-- register1 -->
      </class> <!-- simple.ELTC_003 -->
    </test> <!-- Default test -->
  </suite> <!-- Default suite -->
</testng-results>
